2021-09-27 14:32:31 INFO  cic.cs.unb.ca.jnetpcap.worker.TrafficFlowWorker    Pcap is listening...
2021-09-27 14:32:47 DEBUG cic.cs.unb.ca.jnetpcap.FlowGenerator    FlagFIN current has 13 flow
2021-09-27 14:32:54 DEBUG cic.cs.unb.ca.jnetpcap.FlowGenerator    FlagFIN current has 57 flow
2021-09-27 14:33:03 DEBUG cic.cs.unb.ca.jnetpcap.FlowGenerator    FlagFIN current has 81 flow
2021-09-27 14:33:11 DEBUG cic.cs.unb.ca.jnetpcap.FlowGenerator    FlagFIN current has 87 flow
2021-09-27 14:33:33 DEBUG cic.cs.unb.ca.jnetpcap.FlowGenerator    FlagFIN current has 120 flow
2021-09-27 14:33:46 DEBUG cic.cs.unb.ca.jnetpcap.FlowGenerator    FlagFIN current has 142 flow
2021-09-27 14:33:46 DEBUG cic.cs.unb.ca.jnetpcap.FlowGenerator    FlagFIN current has 142 flow
2021-09-27 14:33:46 DEBUG cic.cs.unb.ca.jnetpcap.FlowGenerator    FlagFIN current has 142 flow
2021-09-27 14:33:46 DEBUG cic.cs.unb.ca.jnetpcap.FlowGenerator    FlagFIN current has 142 flow
2021-09-27 14:33:46 DEBUG cic.cs.unb.ca.jnetpcap.FlowGenerator    FlagFIN current has 142 flow
2021-09-27 14:33:50 DEBUG cic.cs.unb.ca.jnetpcap.FlowGenerator    FlagFIN current has 144 flow
2021-09-27 14:33:50 DEBUG cic.cs.unb.ca.jnetpcap.FlowGenerator    FlagFIN current has 144 flow
2021-09-27 14:33:50 DEBUG cic.cs.unb.ca.jnetpcap.FlowGenerator    FlagFIN current has 143 flow
2021-09-27 14:33:50 DEBUG cic.cs.unb.ca.jnetpcap.FlowGenerator    FlagFIN current has 142 flow
2021-09-27 14:33:50 DEBUG cic.cs.unb.ca.jnetpcap.FlowGenerator    FlagFIN current has 141 flow
2021-09-27 14:33:50 DEBUG cic.cs.unb.ca.jnetpcap.FlowGenerator    FlagFIN current has 140 flow
2021-09-27 14:33:50 DEBUG cic.cs.unb.ca.jnetpcap.FlowGenerator    FlagFIN current has 139 flow
2021-09-27 14:33:55 DEBUG cic.cs.unb.ca.jnetpcap.FlowGenerator    FlagFIN current has 151 flow
2021-09-27 14:33:55 DEBUG cic.cs.unb.ca.jnetpcap.FlowGenerator    FlagFIN current has 150 flow
2021-09-27 14:33:55 DEBUG cic.cs.unb.ca.jnetpcap.FlowGenerator    FlagFIN current has 151 flow
2021-09-27 14:33:55 DEBUG cic.cs.unb.ca.jnetpcap.FlowGenerator    FlagFIN current has 151 flow
2021-09-27 14:33:55 DEBUG cic.cs.unb.ca.jnetpcap.FlowGenerator    FlagFIN current has 151 flow
2021-09-27 14:33:55 DEBUG cic.cs.unb.ca.jnetpcap.FlowGenerator    FlagFIN current has 151 flow
2021-09-27 14:33:55 DEBUG cic.cs.unb.ca.jnetpcap.FlowGenerator    FlagFIN current has 151 flow
2021-09-27 14:34:04 DEBUG cic.cs.unb.ca.jnetpcap.FlowGenerator    FlagFIN current has 152 flow
2021-09-27 14:34:04 DEBUG cic.cs.unb.ca.jnetpcap.FlowGenerator    FlagFIN current has 151 flow
2021-09-27 14:34:04 DEBUG cic.cs.unb.ca.jnetpcap.FlowGenerator    FlagFIN current has 150 flow
2021-09-27 14:34:04 DEBUG cic.cs.unb.ca.jnetpcap.FlowGenerator    FlagFIN current has 149 flow
2021-09-27 14:34:04 DEBUG cic.cs.unb.ca.jnetpcap.FlowGenerator    FlagFIN current has 148 flow
2021-09-27 14:34:04 DEBUG cic.cs.unb.ca.jnetpcap.FlowGenerator    FlagFIN current has 147 flow
2021-09-27 14:34:04 DEBUG cic.cs.unb.ca.jnetpcap.FlowGenerator    FlagFIN current has 146 flow
2021-09-27 14:34:04 DEBUG cic.cs.unb.ca.jnetpcap.FlowGenerator    FlagFIN current has 145 flow
2021-09-27 14:34:11 DEBUG cic.cs.unb.ca.jnetpcap.FlowGenerator    FlagFIN current has 160 flow
2021-09-27 14:34:11 DEBUG cic.cs.unb.ca.jnetpcap.FlowGenerator    FlagFIN current has 160 flow
2021-09-27 14:34:31 DEBUG cic.cs.unb.ca.jnetpcap.FlowGenerator    FlagFIN current has 168 flow
2021-09-27 14:34:34 DEBUG cic.cs.unb.ca.jnetpcap.FlowGenerator    FlagFIN current has 170 flow
2021-09-27 14:34:44 DEBUG cic.cs.unb.ca.jnetpcap.FlowGenerator    FlagFIN current has 170 flow
2021-09-27 14:34:44 DEBUG cic.cs.unb.ca.jnetpcap.FlowGenerator    FlagFIN current has 170 flow
2021-09-27 14:34:51 DEBUG cic.cs.unb.ca.jnetpcap.FlowGenerator    FlagFIN current has 173 flow
2021-09-27 14:34:51 DEBUG cic.cs.unb.ca.jnetpcap.FlowGenerator    FlagFIN current has 172 flow
2021-09-27 14:34:54 DEBUG cic.cs.unb.ca.jnetpcap.FlowGenerator    FlagFIN current has 174 flow
2021-09-27 14:34:54 DEBUG cic.cs.unb.ca.jnetpcap.FlowGenerator    FlagFIN current has 173 flow
2021-09-27 14:34:54 DEBUG cic.cs.unb.ca.jnetpcap.FlowGenerator    FlagFIN current has 173 flow
2021-09-27 14:34:54 DEBUG cic.cs.unb.ca.jnetpcap.FlowGenerator    FlagFIN current has 173 flow
2021-09-27 14:34:54 DEBUG cic.cs.unb.ca.jnetpcap.FlowGenerator    FlagFIN current has 172 flow
2021-09-27 14:34:54 DEBUG cic.cs.unb.ca.jnetpcap.FlowGenerator    FlagFIN current has 171 flow
2021-09-27 14:34:54 DEBUG cic.cs.unb.ca.jnetpcap.FlowGenerator    FlagFIN current has 170 flow
2021-09-27 14:34:54 DEBUG cic.cs.unb.ca.jnetpcap.FlowGenerator    FlagFIN current has 169 flow
2021-09-27 14:34:54 DEBUG cic.cs.unb.ca.jnetpcap.FlowGenerator    FlagFIN current has 168 flow
2021-09-27 14:35:00 DEBUG cic.cs.unb.ca.jnetpcap.FlowGenerator    FlagFIN current has 193 flow
2021-09-27 14:35:00 DEBUG cic.cs.unb.ca.jnetpcap.FlowGenerator    FlagFIN current has 192 flow
2021-09-27 14:35:00 DEBUG cic.cs.unb.ca.jnetpcap.FlowGenerator    FlagFIN current has 193 flow
2021-09-27 14:35:00 DEBUG cic.cs.unb.ca.jnetpcap.FlowGenerator    FlagFIN current has 193 flow
2021-09-27 14:35:48 INFO  cic.cs.unb.ca.flow.ui.FlowMonitorPane    Pcap stop listening
2021-09-27 14:35:48 INFO  cic.cs.unb.ca.flow.ui.FlowMonitorPane    path:D:\cicflowmeter-4\CICFlowMeter-4.0\bin\data\daily\2021-09-27_Flow.csv
2021-09-27 14:35:48 DEBUG cic.cs.unb.ca.jnetpcap.worker.TrafficFlowWorker    break Packet loop
2021-09-27 14:42:50 INFO  cic.cs.unb.ca.flow.ui.FlowMonitorPane    path:D:\cicflowmeter-4\CICFlowMeter-4.0\bin\data\daily\2021-09-27_Flow.csv
2021-09-27 14:49:50 INFO  cic.cs.unb.ca.jnetpcap.worker.TrafficFlowWorker    Pcap is listening...
2021-09-27 14:52:55 INFO  cic.cs.unb.ca.flow.ui.FlowMonitorPane    Pcap stop listening
2021-09-27 14:52:55 INFO  cic.cs.unb.ca.flow.ui.FlowMonitorPane    path:C:\Users\Network Lab\Desktop\J L Shreya\CICFlowMeter and ISCXFlowMeter\cicflowmeter-4\CICFlowMeter-4.0\bin\data\daily\2021-09-27_Flow.csv
2021-09-27 14:53:05 INFO  cic.cs.unb.ca.jnetpcap.worker.TrafficFlowWorker    Pcap is listening...
2021-09-27 14:54:31 INFO  cic.cs.unb.ca.flow.ui.FlowMonitorPane    Pcap stop listening
2021-09-27 14:54:31 INFO  cic.cs.unb.ca.flow.ui.FlowMonitorPane    path:C:\Users\Network Lab\Desktop\J L Shreya\CICFlowMeter and ISCXFlowMeter\cicflowmeter-4\CICFlowMeter-4.0\bin\data\daily\2021-09-27_Flow.csv
2021-09-27 14:54:49 INFO  cic.cs.unb.ca.flow.ui.FlowMonitorPane    path:C:\Users\Network Lab\Desktop\J L Shreya\CICFlowMeter and ISCXFlowMeter\cicflowmeter-4\CICFlowMeter-4.0\bin\data\daily\2021-09-27_Flow.csv
2021-09-27 14:54:49 INFO  cic.cs.unb.ca.flow.ui.FlowMonitorPane    path:C:\Users\Network Lab\Desktop\J L Shreya\CICFlowMeter and ISCXFlowMeter\cicflowmeter-4\CICFlowMeter-4.0\bin\data\daily\2021-09-27_Flow.csv
2021-09-27 14:56:26 INFO  cic.cs.unb.ca.jnetpcap.worker.TrafficFlowWorker    Pcap is listening...
2021-09-27 14:56:35 DEBUG cic.cs.unb.ca.jnetpcap.FlowGenerator    FlagFIN current has 17 flow
2021-09-27 14:56:42 DEBUG cic.cs.unb.ca.jnetpcap.FlowGenerator    FlagFIN current has 26 flow
2021-09-27 14:57:10 DEBUG cic.cs.unb.ca.jnetpcap.FlowGenerator    FlagFIN current has 139 flow
2021-09-27 14:57:22 DEBUG cic.cs.unb.ca.jnetpcap.FlowGenerator    FlagFIN current has 144 flow
2021-09-27 14:57:34 DEBUG cic.cs.unb.ca.jnetpcap.FlowGenerator    FlagFIN current has 154 flow
2021-09-27 14:57:35 DEBUG cic.cs.unb.ca.jnetpcap.FlowGenerator    FlagFIN current has 154 flow
2021-09-27 14:57:46 DEBUG cic.cs.unb.ca.jnetpcap.FlowGenerator    FlagFIN current has 162 flow
2021-09-27 14:57:46 DEBUG cic.cs.unb.ca.jnetpcap.FlowGenerator    FlagFIN current has 162 flow
2021-09-27 14:57:48 DEBUG cic.cs.unb.ca.jnetpcap.FlowGenerator    FlagFIN current has 162 flow
2021-09-27 14:57:48 DEBUG cic.cs.unb.ca.jnetpcap.FlowGenerator    FlagFIN current has 161 flow
2021-09-27 14:57:49 DEBUG cic.cs.unb.ca.jnetpcap.FlowGenerator    FlagFIN current has 162 flow
2021-09-27 14:57:50 DEBUG cic.cs.unb.ca.jnetpcap.FlowGenerator    FlagFIN current has 165 flow
2021-09-27 14:57:52 DEBUG cic.cs.unb.ca.jnetpcap.FlowGenerator    FlagFIN current has 168 flow
2021-09-27 14:57:52 DEBUG cic.cs.unb.ca.jnetpcap.FlowGenerator    FlagFIN current has 168 flow
2021-09-27 14:57:56 DEBUG cic.cs.unb.ca.jnetpcap.FlowGenerator    FlagFIN current has 171 flow
2021-09-27 14:57:57 DEBUG cic.cs.unb.ca.jnetpcap.FlowGenerator    FlagFIN current has 171 flow
2021-09-27 14:57:58 DEBUG cic.cs.unb.ca.jnetpcap.FlowGenerator    FlagFIN current has 174 flow
2021-09-27 14:58:02 DEBUG cic.cs.unb.ca.jnetpcap.FlowGenerator    FlagFIN current has 175 flow
2021-09-27 14:58:02 DEBUG cic.cs.unb.ca.jnetpcap.FlowGenerator    FlagFIN current has 176 flow
2021-09-27 14:58:02 DEBUG cic.cs.unb.ca.jnetpcap.FlowGenerator    FlagFIN current has 176 flow
2021-09-27 14:58:02 DEBUG cic.cs.unb.ca.jnetpcap.FlowGenerator    FlagFIN current has 176 flow
2021-09-27 14:58:02 DEBUG cic.cs.unb.ca.jnetpcap.FlowGenerator    FlagFIN current has 175 flow
2021-09-27 14:58:02 DEBUG cic.cs.unb.ca.jnetpcap.FlowGenerator    FlagFIN current has 174 flow
2021-09-27 14:58:20 DEBUG cic.cs.unb.ca.jnetpcap.FlowGenerator    FlagFIN current has 184 flow
2021-09-27 14:58:34 DEBUG cic.cs.unb.ca.jnetpcap.FlowGenerator    FlagFIN current has 185 flow
2021-09-27 14:58:34 DEBUG cic.cs.unb.ca.jnetpcap.FlowGenerator    FlagFIN current has 184 flow
2021-09-27 14:58:35 DEBUG cic.cs.unb.ca.jnetpcap.FlowGenerator    FlagFIN current has 187 flow
2021-09-27 14:58:38 DEBUG cic.cs.unb.ca.jnetpcap.FlowGenerator    FlagFIN current has 190 flow
2021-09-27 14:58:39 DEBUG cic.cs.unb.ca.jnetpcap.FlowGenerator    FlagFIN current has 190 flow
2021-09-27 15:00:14 DEBUG cic.cs.unb.ca.jnetpcap.FlowGenerator    FlagFIN current has 217 flow
2021-09-27 15:00:47 DEBUG cic.cs.unb.ca.jnetpcap.FlowGenerator    FlagFIN current has 230 flow
2021-09-27 15:00:50 DEBUG cic.cs.unb.ca.jnetpcap.FlowGenerator    FlagFIN current has 230 flow
2021-09-27 15:00:55 DEBUG cic.cs.unb.ca.jnetpcap.FlowGenerator    FlagFIN current has 230 flow
2021-09-27 15:00:55 DEBUG cic.cs.unb.ca.jnetpcap.FlowGenerator    FlagFIN current has 230 flow
2021-09-27 15:00:56 DEBUG cic.cs.unb.ca.jnetpcap.FlowGenerator    FlagFIN current has 230 flow
2021-09-27 15:00:56 DEBUG cic.cs.unb.ca.jnetpcap.FlowGenerator    FlagFIN current has 230 flow
2021-09-27 15:00:56 DEBUG cic.cs.unb.ca.jnetpcap.FlowGenerator    FlagFIN current has 230 flow
2021-09-27 15:00:57 DEBUG cic.cs.unb.ca.jnetpcap.FlowGenerator    FlagFIN current has 230 flow
2021-09-27 15:00:57 DEBUG cic.cs.unb.ca.jnetpcap.FlowGenerator    FlagFIN current has 230 flow
2021-09-27 15:00:57 DEBUG cic.cs.unb.ca.jnetpcap.FlowGenerator    FlagFIN current has 230 flow
2021-09-27 15:00:58 DEBUG cic.cs.unb.ca.jnetpcap.FlowGenerator    FlagFIN current has 230 flow
2021-09-27 15:00:59 DEBUG cic.cs.unb.ca.jnetpcap.FlowGenerator    FlagFIN current has 231 flow
2021-09-27 15:00:59 DEBUG cic.cs.unb.ca.jnetpcap.FlowGenerator    FlagFIN current has 231 flow
2021-09-27 15:01:00 DEBUG cic.cs.unb.ca.jnetpcap.FlowGenerator    FlagFIN current has 231 flow
2021-09-27 15:01:00 DEBUG cic.cs.unb.ca.jnetpcap.FlowGenerator    FlagFIN current has 231 flow
2021-09-27 15:01:18 DEBUG cic.cs.unb.ca.jnetpcap.FlowGenerator    FlagFIN current has 236 flow
2021-09-27 15:01:19 DEBUG cic.cs.unb.ca.jnetpcap.FlowGenerator    FlagFIN current has 236 flow
2021-09-27 15:01:20 DEBUG cic.cs.unb.ca.jnetpcap.FlowGenerator    FlagFIN current has 236 flow
2021-09-27 15:01:23 DEBUG cic.cs.unb.ca.jnetpcap.FlowGenerator    FlagFIN current has 236 flow
2021-09-27 15:01:23 DEBUG cic.cs.unb.ca.jnetpcap.FlowGenerator    FlagFIN current has 236 flow
2021-09-27 15:01:23 DEBUG cic.cs.unb.ca.jnetpcap.FlowGenerator    FlagFIN current has 236 flow
2021-09-27 15:01:26 DEBUG cic.cs.unb.ca.jnetpcap.FlowGenerator    FlagFIN current has 236 flow
2021-09-27 15:01:26 DEBUG cic.cs.unb.ca.jnetpcap.FlowGenerator    FlagFIN current has 236 flow
2021-09-27 15:01:26 DEBUG cic.cs.unb.ca.jnetpcap.FlowGenerator    FlagFIN current has 236 flow
2021-09-27 15:01:32 DEBUG cic.cs.unb.ca.jnetpcap.FlowGenerator    FlagFIN current has 237 flow
2021-09-27 15:01:40 DEBUG cic.cs.unb.ca.jnetpcap.FlowGenerator    FlagFIN current has 237 flow
2021-09-27 15:01:42 DEBUG cic.cs.unb.ca.jnetpcap.FlowGenerator    FlagFIN current has 237 flow
2021-09-27 15:01:48 DEBUG cic.cs.unb.ca.jnetpcap.FlowGenerator    FlagFIN current has 237 flow
2021-09-27 15:01:50 DEBUG cic.cs.unb.ca.jnetpcap.FlowGenerator    FlagFIN current has 237 flow
2021-09-27 15:02:25 DEBUG cic.cs.unb.ca.jnetpcap.FlowGenerator    FlagFIN current has 244 flow
2021-09-27 15:02:26 DEBUG cic.cs.unb.ca.jnetpcap.FlowGenerator    Timeout current has 250 flow
2021-09-27 15:02:26 DEBUG cic.cs.unb.ca.jnetpcap.FlowGenerator    Timeout current has 250 flow
2021-09-27 15:02:26 DEBUG cic.cs.unb.ca.jnetpcap.FlowGenerator    Timeout current has 250 flow
2021-09-27 15:02:26 DEBUG cic.cs.unb.ca.jnetpcap.FlowGenerator    Timeout current has 250 flow
2021-09-27 15:02:26 DEBUG cic.cs.unb.ca.jnetpcap.FlowGenerator    FlagFIN current has 250 flow
2021-09-27 15:02:26 DEBUG cic.cs.unb.ca.jnetpcap.FlowGenerator    FlagFIN current has 249 flow
2021-09-27 15:02:26 DEBUG cic.cs.unb.ca.jnetpcap.FlowGenerator    FlagFIN current has 248 flow
2021-09-27 15:02:26 DEBUG cic.cs.unb.ca.jnetpcap.FlowGenerator    FlagFIN current has 247 flow
2021-09-27 15:02:26 DEBUG cic.cs.unb.ca.jnetpcap.FlowGenerator    FlagFIN current has 246 flow
2021-09-27 15:02:26 DEBUG cic.cs.unb.ca.jnetpcap.FlowGenerator    FlagFIN current has 245 flow
2021-09-27 15:02:26 DEBUG cic.cs.unb.ca.jnetpcap.FlowGenerator    FlagFIN current has 244 flow
2021-09-27 15:02:26 DEBUG cic.cs.unb.ca.jnetpcap.FlowGenerator    FlagFIN current has 243 flow
2021-09-27 15:02:26 DEBUG cic.cs.unb.ca.jnetpcap.FlowGenerator    FlagFIN current has 242 flow
2021-09-27 15:02:26 DEBUG cic.cs.unb.ca.jnetpcap.FlowGenerator    FlagFIN current has 241 flow
2021-09-27 15:02:26 DEBUG cic.cs.unb.ca.jnetpcap.FlowGenerator    FlagFIN current has 240 flow
2021-09-27 15:02:26 DEBUG cic.cs.unb.ca.jnetpcap.FlowGenerator    FlagFIN current has 239 flow
2021-09-27 15:02:26 DEBUG cic.cs.unb.ca.jnetpcap.FlowGenerator    FlagFIN current has 238 flow
2021-09-27 15:02:26 DEBUG cic.cs.unb.ca.jnetpcap.FlowGenerator    FlagFIN current has 237 flow
2021-09-27 15:02:26 DEBUG cic.cs.unb.ca.jnetpcap.FlowGenerator    FlagFIN current has 236 flow
2021-09-27 15:02:26 DEBUG cic.cs.unb.ca.jnetpcap.FlowGenerator    FlagFIN current has 251 flow
2021-09-27 15:02:27 DEBUG cic.cs.unb.ca.jnetpcap.FlowGenerator    FlagFIN current has 253 flow
2021-09-27 15:02:27 DEBUG cic.cs.unb.ca.jnetpcap.FlowGenerator    FlagFIN current has 252 flow
2021-09-27 15:02:27 DEBUG cic.cs.unb.ca.jnetpcap.FlowGenerator    FlagFIN current has 251 flow
2021-09-27 15:02:27 DEBUG cic.cs.unb.ca.jnetpcap.FlowGenerator    FlagFIN current has 250 flow
2021-09-27 15:02:27 DEBUG cic.cs.unb.ca.jnetpcap.FlowGenerator    FlagFIN current has 249 flow
2021-09-27 15:02:27 DEBUG cic.cs.unb.ca.jnetpcap.FlowGenerator    FlagFIN current has 248 flow
2021-09-27 15:02:27 DEBUG cic.cs.unb.ca.jnetpcap.FlowGenerator    FlagFIN current has 247 flow
2021-09-27 15:02:27 DEBUG cic.cs.unb.ca.jnetpcap.FlowGenerator    FlagFIN current has 246 flow
2021-09-27 15:02:27 DEBUG cic.cs.unb.ca.jnetpcap.FlowGenerator    FlagFIN current has 245 flow
2021-09-27 15:02:27 DEBUG cic.cs.unb.ca.jnetpcap.FlowGenerator    FlagFIN current has 244 flow
2021-09-27 15:02:27 DEBUG cic.cs.unb.ca.jnetpcap.FlowGenerator    FlagFIN current has 243 flow
2021-09-27 15:02:27 DEBUG cic.cs.unb.ca.jnetpcap.FlowGenerator    FlagFIN current has 242 flow
2021-09-27 15:02:27 DEBUG cic.cs.unb.ca.jnetpcap.FlowGenerator    FlagFIN current has 241 flow
2021-09-27 15:02:27 DEBUG cic.cs.unb.ca.jnetpcap.FlowGenerator    FlagFIN current has 240 flow
2021-09-27 15:02:27 DEBUG cic.cs.unb.ca.jnetpcap.FlowGenerator    FlagFIN current has 240 flow
2021-09-27 15:02:28 DEBUG cic.cs.unb.ca.jnetpcap.FlowGenerator    FlagFIN current has 254 flow
2021-09-27 15:02:32 DEBUG cic.cs.unb.ca.jnetpcap.FlowGenerator    FlagFIN current has 256 flow
2021-09-27 15:02:32 DEBUG cic.cs.unb.ca.jnetpcap.FlowGenerator    FlagFIN current has 255 flow
2021-09-27 15:02:32 DEBUG cic.cs.unb.ca.jnetpcap.FlowGenerator    FlagFIN current has 254 flow
2021-09-27 15:02:32 DEBUG cic.cs.unb.ca.jnetpcap.FlowGenerator    FlagFIN current has 253 flow
2021-09-27 15:02:32 DEBUG cic.cs.unb.ca.jnetpcap.FlowGenerator    FlagFIN current has 252 flow
2021-09-27 15:02:32 DEBUG cic.cs.unb.ca.jnetpcap.FlowGenerator    FlagFIN current has 251 flow
2021-09-27 15:02:32 DEBUG cic.cs.unb.ca.jnetpcap.FlowGenerator    FlagFIN current has 250 flow
2021-09-27 15:02:32 DEBUG cic.cs.unb.ca.jnetpcap.FlowGenerator    FlagFIN current has 249 flow
2021-09-27 15:02:32 DEBUG cic.cs.unb.ca.jnetpcap.FlowGenerator    FlagFIN current has 248 flow
2021-09-27 15:02:32 DEBUG cic.cs.unb.ca.jnetpcap.FlowGenerator    FlagFIN current has 247 flow
2021-09-27 15:02:32 DEBUG cic.cs.unb.ca.jnetpcap.FlowGenerator    FlagFIN current has 246 flow
2021-09-27 15:02:32 DEBUG cic.cs.unb.ca.jnetpcap.FlowGenerator    FlagFIN current has 245 flow
2021-09-27 15:02:32 DEBUG cic.cs.unb.ca.jnetpcap.FlowGenerator    FlagFIN current has 244 flow
2021-09-27 15:02:32 DEBUG cic.cs.unb.ca.jnetpcap.FlowGenerator    FlagFIN current has 243 flow
2021-09-27 15:02:32 DEBUG cic.cs.unb.ca.jnetpcap.FlowGenerator    FlagFIN current has 242 flow
2021-09-27 15:02:32 DEBUG cic.cs.unb.ca.jnetpcap.FlowGenerator    FlagFIN current has 241 flow
2021-09-27 15:02:32 DEBUG cic.cs.unb.ca.jnetpcap.FlowGenerator    FlagFIN current has 244 flow
2021-09-27 15:02:32 DEBUG cic.cs.unb.ca.jnetpcap.FlowGenerator    FlagFIN current has 244 flow
2021-09-27 15:02:36 DEBUG cic.cs.unb.ca.jnetpcap.FlowGenerator    FlagFIN current has 252 flow
2021-09-27 15:02:36 DEBUG cic.cs.unb.ca.jnetpcap.FlowGenerator    FlagFIN current has 251 flow
2021-09-27 15:02:36 DEBUG cic.cs.unb.ca.jnetpcap.FlowGenerator    FlagFIN current has 250 flow
2021-09-27 15:02:36 DEBUG cic.cs.unb.ca.jnetpcap.FlowGenerator    FlagFIN current has 249 flow
2021-09-27 15:02:36 DEBUG cic.cs.unb.ca.jnetpcap.FlowGenerator    FlagFIN current has 253 flow
2021-09-27 15:02:36 DEBUG cic.cs.unb.ca.jnetpcap.FlowGenerator    FlagFIN current has 252 flow
2021-09-27 15:02:36 DEBUG cic.cs.unb.ca.jnetpcap.FlowGenerator    FlagFIN current has 251 flow
2021-09-27 15:02:36 DEBUG cic.cs.unb.ca.jnetpcap.FlowGenerator    FlagFIN current has 251 flow
2021-09-27 15:02:36 DEBUG cic.cs.unb.ca.jnetpcap.FlowGenerator    FlagFIN current has 250 flow
2021-09-27 15:02:47 DEBUG cic.cs.unb.ca.jnetpcap.FlowGenerator    FlagFIN current has 251 flow
2021-09-27 15:03:14 DEBUG cic.cs.unb.ca.jnetpcap.FlowGenerator    FlagFIN current has 273 flow
2021-09-27 15:03:15 DEBUG cic.cs.unb.ca.jnetpcap.FlowGenerator    FlagFIN current has 273 flow
2021-09-27 15:03:19 DEBUG cic.cs.unb.ca.jnetpcap.FlowGenerator    FlagFIN current has 275 flow
2021-09-27 15:05:03 DEBUG cic.cs.unb.ca.jnetpcap.FlowGenerator    FlagFIN current has 307 flow
2021-09-27 15:05:35 DEBUG cic.cs.unb.ca.jnetpcap.FlowGenerator    FlagFIN current has 314 flow
2021-09-27 15:05:40 DEBUG cic.cs.unb.ca.jnetpcap.FlowGenerator    FlagFIN current has 316 flow
2021-09-27 15:05:40 DEBUG cic.cs.unb.ca.jnetpcap.FlowGenerator    FlagFIN current has 316 flow
2021-09-27 15:06:36 DEBUG cic.cs.unb.ca.jnetpcap.FlowGenerator    FlagFIN current has 328 flow
2021-09-27 15:07:18 DEBUG cic.cs.unb.ca.jnetpcap.FlowGenerator    FlagFIN current has 338 flow
2021-09-27 15:08:07 DEBUG cic.cs.unb.ca.jnetpcap.FlowGenerator    Timeout current has 350 flow
2021-09-27 15:08:07 DEBUG cic.cs.unb.ca.jnetpcap.FlowGenerator    Timeout current has 350 flow
2021-09-27 15:08:34 DEBUG cic.cs.unb.ca.jnetpcap.FlowGenerator    FlagFIN current has 354 flow
2021-09-27 15:08:59 DEBUG cic.cs.unb.ca.jnetpcap.FlowGenerator    FlagFIN current has 359 flow
2021-09-27 15:08:59 DEBUG cic.cs.unb.ca.jnetpcap.FlowGenerator    FlagFIN current has 359 flow
2021-09-27 15:11:35 DEBUG cic.cs.unb.ca.jnetpcap.FlowGenerator    FlagFIN current has 381 flow
2021-09-27 15:11:36 DEBUG cic.cs.unb.ca.jnetpcap.FlowGenerator    FlagFIN current has 382 flow
2021-09-27 15:12:36 DEBUG cic.cs.unb.ca.jnetpcap.FlowGenerator    FlagFIN current has 395 flow
2021-09-27 15:12:48 DEBUG cic.cs.unb.ca.jnetpcap.FlowGenerator    Timeout current has 400 flow
2021-09-27 15:12:48 DEBUG cic.cs.unb.ca.jnetpcap.FlowGenerator    Timeout current has 400 flow
2021-09-27 15:12:50 DEBUG cic.cs.unb.ca.jnetpcap.FlowGenerator    Timeout current has 400 flow
2021-09-27 15:13:01 DEBUG cic.cs.unb.ca.jnetpcap.FlowGenerator    FlagFIN current has 408 flow
2021-09-27 15:14:42 DEBUG cic.cs.unb.ca.jnetpcap.FlowGenerator    FlagFIN current has 433 flow
2021-09-27 15:14:53 DEBUG cic.cs.unb.ca.jnetpcap.FlowGenerator    FlagFIN current has 434 flow
2021-09-27 15:15:48 DEBUG cic.cs.unb.ca.jnetpcap.FlowGenerator    FlagFIN current has 446 flow
2021-09-27 15:15:50 DEBUG cic.cs.unb.ca.jnetpcap.FlowGenerator    FlagFIN current has 446 flow
2021-09-27 15:15:51 DEBUG cic.cs.unb.ca.jnetpcap.FlowGenerator    FlagFIN current has 447 flow
2021-09-27 15:15:56 DEBUG cic.cs.unb.ca.jnetpcap.FlowGenerator    FlagFIN current has 447 flow
2021-09-27 15:15:56 DEBUG cic.cs.unb.ca.jnetpcap.FlowGenerator    FlagFIN current has 447 flow
2021-09-27 15:15:56 DEBUG cic.cs.unb.ca.jnetpcap.FlowGenerator    FlagFIN current has 447 flow
2021-09-27 15:15:56 DEBUG cic.cs.unb.ca.jnetpcap.FlowGenerator    FlagFIN current has 449 flow
2021-09-27 15:15:59 DEBUG cic.cs.unb.ca.jnetpcap.FlowGenerator    Timeout current has 450 flow
2021-09-27 15:16:08 DEBUG cic.cs.unb.ca.jnetpcap.FlowGenerator    FlagFIN current has 457 flow
2021-09-27 15:16:08 DEBUG cic.cs.unb.ca.jnetpcap.FlowGenerator    FlagFIN current has 457 flow
2021-09-27 15:16:11 DEBUG cic.cs.unb.ca.jnetpcap.FlowGenerator    FlagFIN current has 458 flow
2021-09-27 15:16:11 DEBUG cic.cs.unb.ca.jnetpcap.FlowGenerator    FlagFIN current has 458 flow
2021-09-27 15:17:02 DEBUG cic.cs.unb.ca.jnetpcap.FlowGenerator    FlagFIN current has 474 flow
2021-09-27 15:17:04 DEBUG cic.cs.unb.ca.jnetpcap.FlowGenerator    FlagFIN current has 474 flow
2021-09-27 15:17:04 DEBUG cic.cs.unb.ca.jnetpcap.FlowGenerator    FlagFIN current has 474 flow
2021-09-27 15:17:10 DEBUG cic.cs.unb.ca.jnetpcap.FlowGenerator    FlagFIN current has 478 flow
2021-09-27 15:17:10 DEBUG cic.cs.unb.ca.jnetpcap.FlowGenerator    FlagFIN current has 478 flow
2021-09-27 15:18:35 DEBUG cic.cs.unb.ca.jnetpcap.FlowGenerator    FlagFIN current has 492 flow
2021-09-27 15:18:35 DEBUG cic.cs.unb.ca.jnetpcap.FlowGenerator    FlagFIN current has 491 flow
2021-09-27 15:18:38 DEBUG cic.cs.unb.ca.jnetpcap.FlowGenerator    FlagFIN current has 493 flow
2021-09-27 15:18:49 DEBUG cic.cs.unb.ca.jnetpcap.FlowGenerator    FlagFIN current has 499 flow
2021-09-27 15:19:08 DEBUG cic.cs.unb.ca.jnetpcap.FlowGenerator    FlagFIN current has 505 flow
2021-09-27 15:20:02 DEBUG cic.cs.unb.ca.jnetpcap.FlowGenerator    FlagFIN current has 518 flow
2021-09-27 15:20:39 DEBUG cic.cs.unb.ca.jnetpcap.FlowGenerator    FlagFIN current has 524 flow
2021-09-27 15:21:15 DEBUG cic.cs.unb.ca.jnetpcap.FlowGenerator    FlagFIN current has 541 flow
2021-09-27 15:22:03 DEBUG cic.cs.unb.ca.jnetpcap.FlowGenerator    FlagFIN current has 547 flow
2021-09-27 15:22:18 DEBUG cic.cs.unb.ca.jnetpcap.FlowGenerator    Timeout current has 550 flow
2021-09-27 15:22:19 DEBUG cic.cs.unb.ca.jnetpcap.FlowGenerator    Timeout current has 550 flow
2021-09-27 15:22:24 DEBUG cic.cs.unb.ca.jnetpcap.FlowGenerator    Timeout current has 550 flow
2021-09-27 15:22:28 DEBUG cic.cs.unb.ca.jnetpcap.FlowGenerator    Timeout current has 550 flow
2021-09-27 15:22:36 DEBUG cic.cs.unb.ca.jnetpcap.FlowGenerator    Timeout current has 550 flow
2021-09-27 15:22:40 DEBUG cic.cs.unb.ca.jnetpcap.FlowGenerator    Timeout current has 550 flow
2021-09-27 15:23:03 DEBUG cic.cs.unb.ca.jnetpcap.FlowGenerator    FlagFIN current has 555 flow
2021-09-27 15:24:07 DEBUG cic.cs.unb.ca.jnetpcap.FlowGenerator    FlagFIN current has 573 flow
2021-09-27 15:24:07 DEBUG cic.cs.unb.ca.jnetpcap.FlowGenerator    FlagFIN current has 573 flow
2021-09-27 15:24:48 DEBUG cic.cs.unb.ca.jnetpcap.FlowGenerator    FlagFIN current has 580 flow
2021-09-27 15:24:48 DEBUG cic.cs.unb.ca.jnetpcap.FlowGenerator    FlagFIN current has 580 flow
2021-09-27 15:24:56 DEBUG cic.cs.unb.ca.jnetpcap.FlowGenerator    FlagFIN current has 580 flow
2021-09-27 15:24:56 DEBUG cic.cs.unb.ca.jnetpcap.FlowGenerator    FlagFIN current has 580 flow
2021-09-27 15:25:03 DEBUG cic.cs.unb.ca.jnetpcap.FlowGenerator    FlagFIN current has 585 flow
2021-09-27 15:26:42 DEBUG cic.cs.unb.ca.jnetpcap.FlowGenerator    Timeout current has 600 flow
2021-09-27 15:26:42 DEBUG cic.cs.unb.ca.jnetpcap.FlowGenerator    Timeout current has 600 flow
2021-09-27 15:27:19 DEBUG cic.cs.unb.ca.jnetpcap.FlowGenerator    FlagFIN current has 608 flow
2021-09-27 15:28:59 DEBUG cic.cs.unb.ca.jnetpcap.FlowGenerator    FlagFIN current has 630 flow
2021-09-27 15:28:59 DEBUG cic.cs.unb.ca.jnetpcap.FlowGenerator    FlagFIN current has 630 flow
2021-09-27 15:29:33 DEBUG cic.cs.unb.ca.jnetpcap.FlowGenerator    FlagFIN current has 640 flow
2021-09-27 15:29:33 DEBUG cic.cs.unb.ca.jnetpcap.FlowGenerator    FlagFIN current has 640 flow
2021-09-27 15:29:51 DEBUG cic.cs.unb.ca.jnetpcap.FlowGenerator    FlagFIN current has 650 flow
2021-09-27 15:29:51 DEBUG cic.cs.unb.ca.jnetpcap.FlowGenerator    Timeout current has 650 flow
2021-09-27 15:29:53 DEBUG cic.cs.unb.ca.jnetpcap.FlowGenerator    FlagFIN current has 653 flow
2021-09-27 15:30:38 DEBUG cic.cs.unb.ca.jnetpcap.FlowGenerator    FlagFIN current has 664 flow
2021-09-27 15:31:06 DEBUG cic.cs.unb.ca.jnetpcap.FlowGenerator    FlagFIN current has 670 flow
2021-09-27 15:31:33 DEBUG cic.cs.unb.ca.jnetpcap.FlowGenerator    FlagFIN current has 677 flow
2021-09-27 15:31:33 DEBUG cic.cs.unb.ca.jnetpcap.FlowGenerator    FlagFIN current has 676 flow
2021-09-27 15:31:33 DEBUG cic.cs.unb.ca.jnetpcap.FlowGenerator    FlagFIN current has 675 flow
2021-09-27 15:32:46 DEBUG cic.cs.unb.ca.jnetpcap.FlowGenerator    FlagFIN current has 685 flow
2021-09-27 15:33:05 DEBUG cic.cs.unb.ca.jnetpcap.FlowGenerator    FlagFIN current has 689 flow
2021-09-27 15:33:12 DEBUG cic.cs.unb.ca.jnetpcap.FlowGenerator    FlagFIN current has 693 flow
2021-09-27 15:33:58 DEBUG cic.cs.unb.ca.jnetpcap.FlowGenerator    FlagFIN current has 700 flow
2021-09-27 15:34:44 DEBUG cic.cs.unb.ca.jnetpcap.FlowGenerator    FlagFIN current has 704 flow
2021-09-27 15:35:12 DEBUG cic.cs.unb.ca.jnetpcap.FlowGenerator    FlagFIN current has 712 flow
2021-09-27 15:35:17 DEBUG cic.cs.unb.ca.jnetpcap.FlowGenerator    FlagFIN current has 712 flow
2021-09-27 15:35:17 DEBUG cic.cs.unb.ca.jnetpcap.FlowGenerator    FlagFIN current has 712 flow
2021-09-27 15:35:39 DEBUG cic.cs.unb.ca.jnetpcap.FlowGenerator    FlagFIN current has 716 flow
2021-09-27 15:36:13 DEBUG cic.cs.unb.ca.jnetpcap.FlowGenerator    FlagFIN current has 727 flow
2021-09-27 15:37:13 DEBUG cic.cs.unb.ca.jnetpcap.FlowGenerator    FlagFIN current has 734 flow
2021-09-27 15:39:00 DEBUG cic.cs.unb.ca.jnetpcap.FlowGenerator    FlagFIN current has 746 flow
2021-09-27 15:39:09 DEBUG cic.cs.unb.ca.jnetpcap.FlowGenerator    FlagFIN current has 748 flow
2021-09-27 15:39:40 DEBUG cic.cs.unb.ca.jnetpcap.FlowGenerator    Timeout current has 750 flow
2021-09-27 15:43:07 DEBUG cic.cs.unb.ca.jnetpcap.FlowGenerator    FlagFIN current has 787 flow
2021-09-27 15:43:50 DEBUG cic.cs.unb.ca.jnetpcap.FlowGenerator    FlagFIN current has 793 flow
2021-09-27 15:43:52 DEBUG cic.cs.unb.ca.jnetpcap.FlowGenerator    FlagFIN current has 797 flow
2021-09-27 15:44:04 DEBUG cic.cs.unb.ca.jnetpcap.FlowGenerator    Timeout current has 800 flow
2021-09-27 15:44:04 DEBUG cic.cs.unb.ca.jnetpcap.FlowGenerator    Timeout current has 800 flow
2021-09-27 15:46:15 DEBUG cic.cs.unb.ca.jnetpcap.FlowGenerator    FlagFIN current has 821 flow
2021-09-27 15:48:14 DEBUG cic.cs.unb.ca.jnetpcap.FlowGenerator    FlagFIN current has 857 flow
2021-09-27 15:48:14 DEBUG cic.cs.unb.ca.jnetpcap.FlowGenerator    FlagFIN current has 857 flow
2021-09-27 15:48:49 DEBUG cic.cs.unb.ca.jnetpcap.FlowGenerator    FlagFIN current has 864 flow
2021-09-27 15:49:42 DEBUG cic.cs.unb.ca.jnetpcap.FlowGenerator    FlagFIN current has 872 flow
2021-09-27 15:49:44 DEBUG cic.cs.unb.ca.jnetpcap.FlowGenerator    FlagFIN current has 873 flow
2021-09-27 15:50:12 DEBUG cic.cs.unb.ca.jnetpcap.FlowGenerator    FlagFIN current has 877 flow
2021-09-27 15:50:40 DEBUG cic.cs.unb.ca.jnetpcap.FlowGenerator    FlagFIN current has 882 flow
2021-09-27 15:51:54 DEBUG cic.cs.unb.ca.jnetpcap.FlowGenerator    FlagFIN current has 894 flow
2021-09-27 15:52:01 DEBUG cic.cs.unb.ca.jnetpcap.FlowGenerator    FlagFIN current has 897 flow
2021-09-27 15:52:01 DEBUG cic.cs.unb.ca.jnetpcap.FlowGenerator    FlagFIN current has 897 flow
2021-09-27 15:53:20 DEBUG cic.cs.unb.ca.jnetpcap.FlowGenerator    FlagFIN current has 944 flow
2021-09-27 15:54:20 DEBUG cic.cs.unb.ca.jnetpcap.FlowGenerator    FlagFIN current has 959 flow
2021-09-27 15:55:03 DEBUG cic.cs.unb.ca.jnetpcap.FlowGenerator    FlagFIN current has 962 flow
2021-09-27 15:56:15 DEBUG cic.cs.unb.ca.jnetpcap.FlowGenerator    FlagFIN current has 975 flow
2021-09-27 15:57:01 DEBUG cic.cs.unb.ca.jnetpcap.FlowGenerator    FlagFIN current has 980 flow
2021-09-27 15:58:10 DEBUG cic.cs.unb.ca.jnetpcap.FlowGenerator    FlagFIN current has 993 flow
2021-09-27 15:58:19 DEBUG cic.cs.unb.ca.jnetpcap.FlowGenerator    FlagFIN current has 995 flow
2021-09-27 15:59:44 DEBUG cic.cs.unb.ca.jnetpcap.FlowGenerator    FlagFIN current has 1007 flow
2021-09-27 16:00:21 DEBUG cic.cs.unb.ca.jnetpcap.FlowGenerator    FlagFIN current has 1017 flow
2021-09-27 16:01:14 INFO  cic.cs.unb.ca.flow.ui.FlowMonitorPane    Pcap stop listening
2021-09-27 16:01:14 INFO  cic.cs.unb.ca.flow.ui.FlowMonitorPane    path:C:\Users\Network Lab\Desktop\J L Shreya\CICFlowMeter and ISCXFlowMeter\cicflowmeter-4\CICFlowMeter-4.0\bin\data\daily\2021-09-27_Flow.csv
2021-09-27 16:01:14 DEBUG cic.cs.unb.ca.jnetpcap.worker.TrafficFlowWorker    break Packet loop
