2021-12-19 20:29:20 INFO  cic.cs.unb.ca.jnetpcap.worker.TrafficFlowWorker    Pcap is listening...
2021-12-19 20:29:26 DEBUG cic.cs.unb.ca.jnetpcap.FlowGenerator    FlagFIN current has 45 flow
2021-12-19 20:29:26 DEBUG cic.cs.unb.ca.jnetpcap.FlowGenerator    FlagFIN current has 44 flow
2021-12-19 20:29:27 DEBUG cic.cs.unb.ca.jnetpcap.FlowGenerator    FlagFIN current has 53 flow
2021-12-19 20:29:30 DEBUG cic.cs.unb.ca.jnetpcap.FlowGenerator    FlagFIN current has 58 flow
2021-12-19 20:29:34 DEBUG cic.cs.unb.ca.jnetpcap.FlowGenerator    FlagFIN current has 63 flow
2021-12-19 20:29:34 DEBUG cic.cs.unb.ca.jnetpcap.FlowGenerator    FlagFIN current has 63 flow
2021-12-19 20:29:34 DEBUG cic.cs.unb.ca.jnetpcap.FlowGenerator    FlagFIN current has 66 flow
2021-12-19 20:29:34 DEBUG cic.cs.unb.ca.jnetpcap.FlowGenerator    FlagFIN current has 66 flow
2021-12-19 20:29:35 DEBUG cic.cs.unb.ca.jnetpcap.FlowGenerator    FlagFIN current has 66 flow
2021-12-19 20:29:35 DEBUG cic.cs.unb.ca.jnetpcap.FlowGenerator    FlagFIN current has 66 flow
2021-12-19 20:29:35 DEBUG cic.cs.unb.ca.jnetpcap.FlowGenerator    FlagFIN current has 73 flow
2021-12-19 20:29:35 DEBUG cic.cs.unb.ca.jnetpcap.FlowGenerator    FlagFIN current has 73 flow
2021-12-19 20:29:36 DEBUG cic.cs.unb.ca.jnetpcap.FlowGenerator    FlagFIN current has 73 flow
2021-12-19 20:29:37 DEBUG cic.cs.unb.ca.jnetpcap.FlowGenerator    FlagFIN current has 84 flow
2021-12-19 20:29:37 DEBUG cic.cs.unb.ca.jnetpcap.FlowGenerator    FlagFIN current has 84 flow
2021-12-19 20:29:37 DEBUG cic.cs.unb.ca.jnetpcap.FlowGenerator    FlagFIN current has 84 flow
2021-12-19 20:29:37 DEBUG cic.cs.unb.ca.jnetpcap.FlowGenerator    FlagFIN current has 85 flow
2021-12-19 20:29:37 DEBUG cic.cs.unb.ca.jnetpcap.FlowGenerator    FlagFIN current has 84 flow
2021-12-19 20:29:37 DEBUG cic.cs.unb.ca.jnetpcap.FlowGenerator    FlagFIN current has 84 flow
2021-12-19 20:29:38 DEBUG cic.cs.unb.ca.jnetpcap.FlowGenerator    FlagFIN current has 86 flow
2021-12-19 20:29:39 DEBUG cic.cs.unb.ca.jnetpcap.FlowGenerator    FlagFIN current has 92 flow
2021-12-19 20:29:39 DEBUG cic.cs.unb.ca.jnetpcap.FlowGenerator    FlagFIN current has 93 flow
2021-12-19 20:29:45 DEBUG cic.cs.unb.ca.jnetpcap.FlowGenerator    FlagFIN current has 109 flow
2021-12-19 20:29:45 DEBUG cic.cs.unb.ca.jnetpcap.FlowGenerator    FlagFIN current has 109 flow
2021-12-19 20:30:18 DEBUG cic.cs.unb.ca.jnetpcap.FlowGenerator    FlagFIN current has 147 flow
2021-12-19 20:30:18 DEBUG cic.cs.unb.ca.jnetpcap.FlowGenerator    FlagFIN current has 148 flow
2021-12-19 20:30:18 DEBUG cic.cs.unb.ca.jnetpcap.FlowGenerator    FlagFIN current has 148 flow
2021-12-19 20:30:19 DEBUG cic.cs.unb.ca.jnetpcap.FlowGenerator    FlagFIN current has 154 flow
2021-12-19 20:30:19 DEBUG cic.cs.unb.ca.jnetpcap.FlowGenerator    FlagFIN current has 154 flow
2021-12-19 20:30:25 DEBUG cic.cs.unb.ca.jnetpcap.FlowGenerator    FlagFIN current has 168 flow
2021-12-19 20:30:27 DEBUG cic.cs.unb.ca.jnetpcap.FlowGenerator    FlagFIN current has 173 flow
2021-12-19 20:30:47 DEBUG cic.cs.unb.ca.jnetpcap.FlowGenerator    FlagFIN current has 218 flow
2021-12-19 20:30:50 DEBUG cic.cs.unb.ca.jnetpcap.FlowGenerator    FlagFIN current has 220 flow
2021-12-19 20:30:52 DEBUG cic.cs.unb.ca.jnetpcap.FlowGenerator    FlagFIN current has 222 flow
2021-12-19 20:30:54 DEBUG cic.cs.unb.ca.jnetpcap.FlowGenerator    FlagFIN current has 226 flow
2021-12-19 20:30:55 DEBUG cic.cs.unb.ca.jnetpcap.FlowGenerator    FlagFIN current has 225 flow
2021-12-19 20:30:55 DEBUG cic.cs.unb.ca.jnetpcap.FlowGenerator    FlagFIN current has 224 flow
2021-12-19 20:30:55 DEBUG cic.cs.unb.ca.jnetpcap.FlowGenerator    FlagFIN current has 225 flow
2021-12-19 20:30:55 DEBUG cic.cs.unb.ca.jnetpcap.FlowGenerator    FlagFIN current has 225 flow
2021-12-19 20:30:56 DEBUG cic.cs.unb.ca.jnetpcap.FlowGenerator    FlagFIN current has 228 flow
2021-12-19 20:30:57 DEBUG cic.cs.unb.ca.jnetpcap.FlowGenerator    FlagFIN current has 230 flow
2021-12-19 20:30:57 DEBUG cic.cs.unb.ca.jnetpcap.FlowGenerator    FlagFIN current has 230 flow
2021-12-19 20:30:57 DEBUG cic.cs.unb.ca.jnetpcap.FlowGenerator    FlagFIN current has 230 flow
2021-12-19 20:30:57 DEBUG cic.cs.unb.ca.jnetpcap.FlowGenerator    FlagFIN current has 230 flow
2021-12-19 20:31:01 DEBUG cic.cs.unb.ca.jnetpcap.FlowGenerator    FlagFIN current has 232 flow
2021-12-19 20:31:01 DEBUG cic.cs.unb.ca.jnetpcap.FlowGenerator    FlagFIN current has 232 flow
2021-12-19 20:31:03 DEBUG cic.cs.unb.ca.jnetpcap.FlowGenerator    FlagFIN current has 235 flow
2021-12-19 20:31:12 DEBUG cic.cs.unb.ca.jnetpcap.FlowGenerator    FlagFIN current has 239 flow
2021-12-19 20:31:12 DEBUG cic.cs.unb.ca.jnetpcap.FlowGenerator    FlagFIN current has 239 flow
2021-12-19 20:31:12 DEBUG cic.cs.unb.ca.jnetpcap.FlowGenerator    FlagFIN current has 240 flow
2021-12-19 20:31:16 DEBUG cic.cs.unb.ca.jnetpcap.FlowGenerator    FlagFIN current has 242 flow
2021-12-19 20:31:16 DEBUG cic.cs.unb.ca.jnetpcap.FlowGenerator    FlagFIN current has 242 flow
2021-12-19 20:31:16 DEBUG cic.cs.unb.ca.jnetpcap.FlowGenerator    FlagFIN current has 242 flow
2021-12-19 20:31:18 DEBUG cic.cs.unb.ca.jnetpcap.FlowGenerator    FlagFIN current has 246 flow
2021-12-19 20:31:19 DEBUG cic.cs.unb.ca.jnetpcap.FlowGenerator    FlagFIN current has 249 flow
2021-12-19 20:31:22 DEBUG cic.cs.unb.ca.jnetpcap.FlowGenerator    FlagFIN current has 261 flow
2021-12-19 20:31:22 DEBUG cic.cs.unb.ca.jnetpcap.FlowGenerator    FlagFIN current has 264 flow
2021-12-19 20:31:23 DEBUG cic.cs.unb.ca.jnetpcap.FlowGenerator    FlagFIN current has 266 flow
2021-12-19 20:31:31 DEBUG cic.cs.unb.ca.jnetpcap.FlowGenerator    FlagFIN current has 270 flow
2021-12-19 20:31:32 DEBUG cic.cs.unb.ca.jnetpcap.FlowGenerator    FlagFIN current has 270 flow
2021-12-19 20:31:45 DEBUG cic.cs.unb.ca.jnetpcap.FlowGenerator    FlagFIN current has 277 flow
2021-12-19 20:31:59 DEBUG cic.cs.unb.ca.jnetpcap.FlowGenerator    FlagFIN current has 290 flow
2021-12-19 20:31:59 DEBUG cic.cs.unb.ca.jnetpcap.FlowGenerator    FlagFIN current has 289 flow
2021-12-19 20:32:00 DEBUG cic.cs.unb.ca.jnetpcap.FlowGenerator    FlagFIN current has 290 flow
2021-12-19 20:32:00 DEBUG cic.cs.unb.ca.jnetpcap.FlowGenerator    FlagFIN current has 292 flow
2021-12-19 20:32:01 DEBUG cic.cs.unb.ca.jnetpcap.FlowGenerator    FlagFIN current has 292 flow
2021-12-19 20:32:10 DEBUG cic.cs.unb.ca.jnetpcap.FlowGenerator    FlagFIN current has 306 flow
2021-12-19 20:32:13 DEBUG cic.cs.unb.ca.jnetpcap.FlowGenerator    FlagFIN current has 307 flow
2021-12-19 20:32:13 DEBUG cic.cs.unb.ca.jnetpcap.FlowGenerator    FlagFIN current has 307 flow
2021-12-19 20:32:15 DEBUG cic.cs.unb.ca.jnetpcap.FlowGenerator    FlagFIN current has 310 flow
2021-12-19 20:32:15 DEBUG cic.cs.unb.ca.jnetpcap.FlowGenerator    FlagFIN current has 310 flow
2021-12-19 20:32:15 DEBUG cic.cs.unb.ca.jnetpcap.FlowGenerator    FlagFIN current has 310 flow
2021-12-19 20:32:18 DEBUG cic.cs.unb.ca.jnetpcap.FlowGenerator    FlagFIN current has 314 flow
2021-12-19 20:32:18 DEBUG cic.cs.unb.ca.jnetpcap.FlowGenerator    FlagFIN current has 314 flow
2021-12-19 20:32:18 DEBUG cic.cs.unb.ca.jnetpcap.FlowGenerator    FlagFIN current has 315 flow
2021-12-19 20:32:18 DEBUG cic.cs.unb.ca.jnetpcap.FlowGenerator    FlagFIN current has 315 flow
2021-12-19 20:32:18 DEBUG cic.cs.unb.ca.jnetpcap.FlowGenerator    FlagFIN current has 315 flow
2021-12-19 20:32:21 DEBUG cic.cs.unb.ca.jnetpcap.FlowGenerator    FlagFIN current has 318 flow
2021-12-19 20:32:21 DEBUG cic.cs.unb.ca.jnetpcap.FlowGenerator    FlagFIN current has 317 flow
2021-12-19 20:32:22 DEBUG cic.cs.unb.ca.jnetpcap.FlowGenerator    FlagFIN current has 317 flow
2021-12-19 20:32:22 DEBUG cic.cs.unb.ca.jnetpcap.FlowGenerator    FlagFIN current has 317 flow
2021-12-19 20:32:23 DEBUG cic.cs.unb.ca.jnetpcap.FlowGenerator    FlagFIN current has 317 flow
2021-12-19 20:32:28 DEBUG cic.cs.unb.ca.jnetpcap.FlowGenerator    FlagFIN current has 322 flow
2021-12-19 20:32:29 DEBUG cic.cs.unb.ca.jnetpcap.FlowGenerator    FlagFIN current has 325 flow
2021-12-19 20:32:29 DEBUG cic.cs.unb.ca.jnetpcap.FlowGenerator    FlagFIN current has 324 flow
2021-12-19 20:32:30 DEBUG cic.cs.unb.ca.jnetpcap.FlowGenerator    FlagFIN current has 325 flow
2021-12-19 20:32:32 DEBUG cic.cs.unb.ca.jnetpcap.FlowGenerator    FlagFIN current has 327 flow
2021-12-19 20:32:33 DEBUG cic.cs.unb.ca.jnetpcap.FlowGenerator    FlagFIN current has 330 flow
2021-12-19 20:32:33 DEBUG cic.cs.unb.ca.jnetpcap.FlowGenerator    FlagFIN current has 330 flow
2021-12-19 20:32:39 DEBUG cic.cs.unb.ca.jnetpcap.FlowGenerator    FlagFIN current has 336 flow
2021-12-19 20:32:49 DEBUG cic.cs.unb.ca.jnetpcap.FlowGenerator    FlagFIN current has 341 flow
2021-12-19 20:32:51 DEBUG cic.cs.unb.ca.jnetpcap.FlowGenerator    FlagFIN current has 342 flow
2021-12-19 20:32:51 DEBUG cic.cs.unb.ca.jnetpcap.FlowGenerator    FlagFIN current has 343 flow
2021-12-19 20:32:53 DEBUG cic.cs.unb.ca.jnetpcap.FlowGenerator    Timeout current has 350 flow
2021-12-19 20:32:54 DEBUG cic.cs.unb.ca.jnetpcap.FlowGenerator    Timeout current has 350 flow
2021-12-19 20:32:55 DEBUG cic.cs.unb.ca.jnetpcap.FlowGenerator    Timeout current has 350 flow
2021-12-19 20:32:57 DEBUG cic.cs.unb.ca.jnetpcap.FlowGenerator    FlagFIN current has 353 flow
2021-12-19 20:32:57 DEBUG cic.cs.unb.ca.jnetpcap.FlowGenerator    FlagFIN current has 352 flow
2021-12-19 20:32:58 DEBUG cic.cs.unb.ca.jnetpcap.FlowGenerator    FlagFIN current has 353 flow
2021-12-19 20:32:58 DEBUG cic.cs.unb.ca.jnetpcap.FlowGenerator    FlagFIN current has 353 flow
2021-12-19 20:32:58 DEBUG cic.cs.unb.ca.jnetpcap.FlowGenerator    FlagFIN current has 353 flow
2021-12-19 20:33:00 DEBUG cic.cs.unb.ca.jnetpcap.FlowGenerator    FlagFIN current has 356 flow
2021-12-19 20:33:00 DEBUG cic.cs.unb.ca.jnetpcap.FlowGenerator    FlagFIN current has 358 flow
2021-12-19 20:33:00 DEBUG cic.cs.unb.ca.jnetpcap.FlowGenerator    FlagFIN current has 358 flow
2021-12-19 20:33:01 DEBUG cic.cs.unb.ca.jnetpcap.FlowGenerator    FlagFIN current has 358 flow
2021-12-19 20:33:02 DEBUG cic.cs.unb.ca.jnetpcap.FlowGenerator    FlagFIN current has 358 flow
2021-12-19 20:33:05 DEBUG cic.cs.unb.ca.jnetpcap.FlowGenerator    FlagFIN current has 369 flow
2021-12-19 20:33:10 DEBUG cic.cs.unb.ca.jnetpcap.FlowGenerator    FlagFIN current has 373 flow
2021-12-19 20:33:15 DEBUG cic.cs.unb.ca.jnetpcap.FlowGenerator    FlagFIN current has 380 flow
2021-12-19 20:33:16 DEBUG cic.cs.unb.ca.jnetpcap.FlowGenerator    FlagFIN current has 380 flow
2021-12-19 20:33:19 DEBUG cic.cs.unb.ca.jnetpcap.FlowGenerator    FlagFIN current has 384 flow
2021-12-19 20:33:24 DEBUG cic.cs.unb.ca.jnetpcap.FlowGenerator    FlagFIN current has 391 flow
2021-12-19 20:33:25 DEBUG cic.cs.unb.ca.jnetpcap.FlowGenerator    FlagFIN current has 391 flow
2021-12-19 20:33:25 DEBUG cic.cs.unb.ca.jnetpcap.FlowGenerator    FlagFIN current has 392 flow
2021-12-19 20:33:25 DEBUG cic.cs.unb.ca.jnetpcap.FlowGenerator    FlagFIN current has 392 flow
2021-12-19 20:33:26 DEBUG cic.cs.unb.ca.jnetpcap.FlowGenerator    FlagFIN current has 395 flow
2021-12-19 20:33:26 DEBUG cic.cs.unb.ca.jnetpcap.FlowGenerator    FlagFIN current has 401 flow
2021-12-19 20:33:26 DEBUG cic.cs.unb.ca.jnetpcap.FlowGenerator    Timeout current has 400 flow
2021-12-19 20:33:27 DEBUG cic.cs.unb.ca.jnetpcap.FlowGenerator    FlagFIN current has 406 flow
2021-12-19 20:33:28 DEBUG cic.cs.unb.ca.jnetpcap.FlowGenerator    FlagFIN current has 406 flow
2021-12-19 20:33:29 DEBUG cic.cs.unb.ca.jnetpcap.FlowGenerator    FlagFIN current has 413 flow
2021-12-19 20:33:29 DEBUG cic.cs.unb.ca.jnetpcap.FlowGenerator    FlagFIN current has 413 flow
2021-12-19 20:33:29 DEBUG cic.cs.unb.ca.jnetpcap.FlowGenerator    FlagFIN current has 414 flow
2021-12-19 20:33:31 DEBUG cic.cs.unb.ca.jnetpcap.FlowGenerator    FlagFIN current has 416 flow
2021-12-19 20:33:39 DEBUG cic.cs.unb.ca.jnetpcap.FlowGenerator    FlagFIN current has 429 flow
2021-12-19 20:33:41 DEBUG cic.cs.unb.ca.jnetpcap.FlowGenerator    FlagFIN current has 432 flow
2021-12-19 20:33:48 DEBUG cic.cs.unb.ca.jnetpcap.FlowGenerator    FlagFIN current has 437 flow
2021-12-19 20:33:49 DEBUG cic.cs.unb.ca.jnetpcap.FlowGenerator    FlagFIN current has 437 flow
2021-12-19 20:33:54 DEBUG cic.cs.unb.ca.jnetpcap.FlowGenerator    FlagFIN current has 448 flow
2021-12-19 20:33:56 DEBUG cic.cs.unb.ca.jnetpcap.FlowGenerator    FlagFIN current has 449 flow
2021-12-19 20:34:05 DEBUG cic.cs.unb.ca.jnetpcap.FlowGenerator    FlagFIN current has 471 flow
2021-12-19 20:34:06 DEBUG cic.cs.unb.ca.jnetpcap.FlowGenerator    FlagFIN current has 472 flow
2021-12-19 20:34:07 DEBUG cic.cs.unb.ca.jnetpcap.FlowGenerator    FlagFIN current has 472 flow
2021-12-19 20:34:09 DEBUG cic.cs.unb.ca.jnetpcap.FlowGenerator    FlagFIN current has 474 flow
2021-12-19 20:34:09 DEBUG cic.cs.unb.ca.jnetpcap.FlowGenerator    FlagFIN current has 474 flow
2021-12-19 20:34:09 DEBUG cic.cs.unb.ca.jnetpcap.FlowGenerator    FlagFIN current has 475 flow
2021-12-19 20:34:14 DEBUG cic.cs.unb.ca.jnetpcap.FlowGenerator    FlagFIN current has 494 flow
2021-12-19 20:34:16 DEBUG cic.cs.unb.ca.jnetpcap.FlowGenerator    FlagFIN current has 496 flow
2021-12-19 20:34:16 DEBUG cic.cs.unb.ca.jnetpcap.FlowGenerator    FlagFIN current has 496 flow
2021-12-19 20:34:17 INFO  cic.cs.unb.ca.flow.ui.FlowMonitorPane    Pcap stop listening
2021-12-19 20:34:17 INFO  cic.cs.unb.ca.flow.ui.FlowMonitorPane    path:F:\CICFlowMeter-4.0\bin\data\daily\2021-12-19_Flow.csv
2021-12-19 20:34:19 DEBUG cic.cs.unb.ca.jnetpcap.worker.TrafficFlowWorker    break Packet loop
2021-12-19 20:40:47 INFO  cic.cs.unb.ca.jnetpcap.worker.TrafficFlowWorker    Pcap is listening...
2021-12-19 20:40:49 DEBUG cic.cs.unb.ca.jnetpcap.FlowGenerator    FlagFIN current has 5 flow
2021-12-19 20:40:49 DEBUG cic.cs.unb.ca.jnetpcap.FlowGenerator    FlagFIN current has 5 flow
2021-12-19 20:40:49 DEBUG cic.cs.unb.ca.jnetpcap.FlowGenerator    FlagFIN current has 5 flow
2021-12-19 20:40:54 DEBUG cic.cs.unb.ca.jnetpcap.FlowGenerator    FlagFIN current has 9 flow
2021-12-19 20:40:54 DEBUG cic.cs.unb.ca.jnetpcap.FlowGenerator    FlagFIN current has 10 flow
2021-12-19 20:40:55 DEBUG cic.cs.unb.ca.jnetpcap.FlowGenerator    FlagFIN current has 18 flow
2021-12-19 20:41:00 DEBUG cic.cs.unb.ca.jnetpcap.FlowGenerator    FlagFIN current has 26 flow
2021-12-19 20:41:02 DEBUG cic.cs.unb.ca.jnetpcap.FlowGenerator    FlagFIN current has 38 flow
2021-12-19 20:41:02 DEBUG cic.cs.unb.ca.jnetpcap.FlowGenerator    FlagFIN current has 38 flow
2021-12-19 20:41:20 DEBUG cic.cs.unb.ca.jnetpcap.FlowGenerator    FlagFIN current has 55 flow
2021-12-19 20:41:21 INFO  cic.cs.unb.ca.flow.ui.FlowMonitorPane    Pcap stop listening
2021-12-19 20:41:22 INFO  cic.cs.unb.ca.flow.ui.FlowMonitorPane    path:F:\CICFlowMeter-4.0\bin\data\daily\2021-12-19_Flow.csv
2021-12-19 20:41:25 DEBUG cic.cs.unb.ca.jnetpcap.worker.TrafficFlowWorker    break Packet loop
