2021-09-29 19:01:19 INFO  cic.cs.unb.ca.jnetpcap.worker.TrafficFlowWorker    Pcap is listening...
2021-09-29 19:01:21 DEBUG cic.cs.unb.ca.jnetpcap.FlowGenerator    FlagFIN current has 17 flow
2021-09-29 19:01:21 DEBUG cic.cs.unb.ca.jnetpcap.FlowGenerator    FlagFIN current has 16 flow
2021-09-29 19:01:21 DEBUG cic.cs.unb.ca.jnetpcap.FlowGenerator    FlagFIN current has 17 flow
2021-09-29 19:01:21 DEBUG cic.cs.unb.ca.jnetpcap.FlowGenerator    FlagFIN current has 16 flow
2021-09-29 19:01:31 DEBUG cic.cs.unb.ca.jnetpcap.FlowGenerator    FlagFIN current has 52 flow
2021-09-29 19:01:31 DEBUG cic.cs.unb.ca.jnetpcap.FlowGenerator    FlagFIN current has 52 flow
2021-09-29 19:01:31 DEBUG cic.cs.unb.ca.jnetpcap.FlowGenerator    FlagFIN current has 52 flow
2021-09-29 19:01:31 DEBUG cic.cs.unb.ca.jnetpcap.FlowGenerator    FlagFIN current has 57 flow
2021-09-29 19:01:31 DEBUG cic.cs.unb.ca.jnetpcap.FlowGenerator    FlagFIN current has 57 flow
2021-09-29 19:01:31 DEBUG cic.cs.unb.ca.jnetpcap.FlowGenerator    FlagFIN current has 56 flow
2021-09-29 19:01:31 DEBUG cic.cs.unb.ca.jnetpcap.FlowGenerator    FlagFIN current has 55 flow
2021-09-29 19:01:31 DEBUG cic.cs.unb.ca.jnetpcap.FlowGenerator    FlagFIN current has 54 flow
2021-09-29 19:01:31 DEBUG cic.cs.unb.ca.jnetpcap.FlowGenerator    FlagFIN current has 53 flow
2021-09-29 19:01:31 DEBUG cic.cs.unb.ca.jnetpcap.FlowGenerator    FlagFIN current has 52 flow
2021-09-29 19:01:31 DEBUG cic.cs.unb.ca.jnetpcap.FlowGenerator    FlagFIN current has 52 flow
2021-09-29 19:01:31 DEBUG cic.cs.unb.ca.jnetpcap.FlowGenerator    FlagFIN current has 51 flow
2021-09-29 19:01:31 DEBUG cic.cs.unb.ca.jnetpcap.FlowGenerator    FlagFIN current has 50 flow
2021-09-29 19:01:31 DEBUG cic.cs.unb.ca.jnetpcap.FlowGenerator    FlagFIN current has 50 flow
2021-09-29 19:01:31 DEBUG cic.cs.unb.ca.jnetpcap.FlowGenerator    FlagFIN current has 52 flow
2021-09-29 19:01:31 DEBUG cic.cs.unb.ca.jnetpcap.FlowGenerator    FlagFIN current has 52 flow
2021-09-29 19:01:31 DEBUG cic.cs.unb.ca.jnetpcap.FlowGenerator    FlagFIN current has 51 flow
2021-09-29 19:01:31 DEBUG cic.cs.unb.ca.jnetpcap.FlowGenerator    FlagFIN current has 53 flow
2021-09-29 19:01:31 DEBUG cic.cs.unb.ca.jnetpcap.FlowGenerator    FlagFIN current has 53 flow
2021-09-29 19:01:31 DEBUG cic.cs.unb.ca.jnetpcap.FlowGenerator    FlagFIN current has 52 flow
2021-09-29 19:01:31 DEBUG cic.cs.unb.ca.jnetpcap.FlowGenerator    FlagFIN current has 51 flow
2021-09-29 19:01:31 DEBUG cic.cs.unb.ca.jnetpcap.FlowGenerator    FlagFIN current has 50 flow
2021-09-29 19:01:31 DEBUG cic.cs.unb.ca.jnetpcap.FlowGenerator    FlagFIN current has 49 flow
2021-09-29 19:01:31 DEBUG cic.cs.unb.ca.jnetpcap.FlowGenerator    FlagFIN current has 48 flow
2021-09-29 19:01:31 DEBUG cic.cs.unb.ca.jnetpcap.FlowGenerator    FlagFIN current has 47 flow
2021-09-29 19:01:31 DEBUG cic.cs.unb.ca.jnetpcap.FlowGenerator    FlagFIN current has 46 flow
2021-09-29 19:01:31 DEBUG cic.cs.unb.ca.jnetpcap.FlowGenerator    FlagFIN current has 46 flow
2021-09-29 19:01:31 DEBUG cic.cs.unb.ca.jnetpcap.FlowGenerator    FlagFIN current has 45 flow
2021-09-29 19:01:31 DEBUG cic.cs.unb.ca.jnetpcap.FlowGenerator    FlagFIN current has 45 flow
2021-09-29 19:01:31 DEBUG cic.cs.unb.ca.jnetpcap.FlowGenerator    FlagFIN current has 44 flow
2021-09-29 19:01:31 DEBUG cic.cs.unb.ca.jnetpcap.FlowGenerator    FlagFIN current has 45 flow
2021-09-29 19:01:31 DEBUG cic.cs.unb.ca.jnetpcap.FlowGenerator    FlagFIN current has 46 flow
2021-09-29 19:01:31 DEBUG cic.cs.unb.ca.jnetpcap.FlowGenerator    FlagFIN current has 52 flow
2021-09-29 19:01:31 DEBUG cic.cs.unb.ca.jnetpcap.FlowGenerator    FlagFIN current has 51 flow
2021-09-29 19:01:31 DEBUG cic.cs.unb.ca.jnetpcap.FlowGenerator    FlagFIN current has 52 flow
2021-09-29 19:01:31 DEBUG cic.cs.unb.ca.jnetpcap.FlowGenerator    FlagFIN current has 51 flow
2021-09-29 19:01:31 DEBUG cic.cs.unb.ca.jnetpcap.FlowGenerator    FlagFIN current has 51 flow
2021-09-29 19:01:31 DEBUG cic.cs.unb.ca.jnetpcap.FlowGenerator    FlagFIN current has 51 flow
2021-09-29 19:01:31 DEBUG cic.cs.unb.ca.jnetpcap.FlowGenerator    FlagFIN current has 50 flow
2021-09-29 19:01:31 DEBUG cic.cs.unb.ca.jnetpcap.FlowGenerator    FlagFIN current has 49 flow
2021-09-29 19:01:31 DEBUG cic.cs.unb.ca.jnetpcap.FlowGenerator    FlagFIN current has 48 flow
2021-09-29 19:01:31 DEBUG cic.cs.unb.ca.jnetpcap.FlowGenerator    FlagFIN current has 47 flow
2021-09-29 19:01:31 DEBUG cic.cs.unb.ca.jnetpcap.FlowGenerator    FlagFIN current has 55 flow
2021-09-29 19:01:31 DEBUG cic.cs.unb.ca.jnetpcap.FlowGenerator    FlagFIN current has 56 flow
2021-09-29 19:01:31 DEBUG cic.cs.unb.ca.jnetpcap.FlowGenerator    FlagFIN current has 56 flow
2021-09-29 19:01:31 DEBUG cic.cs.unb.ca.jnetpcap.FlowGenerator    FlagFIN current has 58 flow
2021-09-29 19:01:31 DEBUG cic.cs.unb.ca.jnetpcap.FlowGenerator    FlagFIN current has 59 flow
2021-09-29 19:01:31 DEBUG cic.cs.unb.ca.jnetpcap.FlowGenerator    FlagFIN current has 60 flow
2021-09-29 19:01:31 DEBUG cic.cs.unb.ca.jnetpcap.FlowGenerator    FlagFIN current has 59 flow
2021-09-29 19:01:31 DEBUG cic.cs.unb.ca.jnetpcap.FlowGenerator    FlagFIN current has 58 flow
2021-09-29 19:01:31 DEBUG cic.cs.unb.ca.jnetpcap.FlowGenerator    FlagFIN current has 57 flow
2021-09-29 19:01:31 DEBUG cic.cs.unb.ca.jnetpcap.FlowGenerator    FlagFIN current has 60 flow
2021-09-29 19:01:31 DEBUG cic.cs.unb.ca.jnetpcap.FlowGenerator    FlagFIN current has 64 flow
2021-09-29 19:01:31 DEBUG cic.cs.unb.ca.jnetpcap.FlowGenerator    FlagFIN current has 65 flow
2021-09-29 19:01:31 DEBUG cic.cs.unb.ca.jnetpcap.FlowGenerator    FlagFIN current has 64 flow
2021-09-29 19:01:31 DEBUG cic.cs.unb.ca.jnetpcap.FlowGenerator    FlagFIN current has 63 flow
2021-09-29 19:01:31 DEBUG cic.cs.unb.ca.jnetpcap.FlowGenerator    FlagFIN current has 66 flow
2021-09-29 19:01:31 DEBUG cic.cs.unb.ca.jnetpcap.FlowGenerator    FlagFIN current has 67 flow
2021-09-29 19:01:31 DEBUG cic.cs.unb.ca.jnetpcap.FlowGenerator    FlagFIN current has 69 flow
2021-09-29 19:01:31 DEBUG cic.cs.unb.ca.jnetpcap.FlowGenerator    FlagFIN current has 70 flow
2021-09-29 19:01:31 DEBUG cic.cs.unb.ca.jnetpcap.FlowGenerator    FlagFIN current has 72 flow
2021-09-29 19:01:31 DEBUG cic.cs.unb.ca.jnetpcap.FlowGenerator    FlagFIN current has 72 flow
2021-09-29 19:01:31 DEBUG cic.cs.unb.ca.jnetpcap.FlowGenerator    FlagFIN current has 74 flow
2021-09-29 19:01:31 DEBUG cic.cs.unb.ca.jnetpcap.FlowGenerator    FlagFIN current has 75 flow
2021-09-29 19:01:31 DEBUG cic.cs.unb.ca.jnetpcap.FlowGenerator    FlagFIN current has 75 flow
2021-09-29 19:01:31 DEBUG cic.cs.unb.ca.jnetpcap.FlowGenerator    FlagFIN current has 75 flow
2021-09-29 19:01:31 DEBUG cic.cs.unb.ca.jnetpcap.FlowGenerator    FlagFIN current has 75 flow
2021-09-29 19:01:31 DEBUG cic.cs.unb.ca.jnetpcap.FlowGenerator    FlagFIN current has 74 flow
2021-09-29 19:01:31 DEBUG cic.cs.unb.ca.jnetpcap.FlowGenerator    FlagFIN current has 77 flow
2021-09-29 19:01:31 DEBUG cic.cs.unb.ca.jnetpcap.FlowGenerator    FlagFIN current has 78 flow
2021-09-29 19:01:31 DEBUG cic.cs.unb.ca.jnetpcap.FlowGenerator    FlagFIN current has 80 flow
2021-09-29 19:01:31 DEBUG cic.cs.unb.ca.jnetpcap.FlowGenerator    FlagFIN current has 80 flow
2021-09-29 19:01:31 DEBUG cic.cs.unb.ca.jnetpcap.FlowGenerator    FlagFIN current has 80 flow
2021-09-29 19:01:31 DEBUG cic.cs.unb.ca.jnetpcap.FlowGenerator    FlagFIN current has 81 flow
2021-09-29 19:01:32 DEBUG cic.cs.unb.ca.jnetpcap.FlowGenerator    FlagFIN current has 84 flow
2021-09-29 19:01:32 DEBUG cic.cs.unb.ca.jnetpcap.FlowGenerator    FlagFIN current has 83 flow
2021-09-29 19:01:32 DEBUG cic.cs.unb.ca.jnetpcap.FlowGenerator    FlagFIN current has 86 flow
2021-09-29 19:01:32 DEBUG cic.cs.unb.ca.jnetpcap.FlowGenerator    FlagFIN current has 86 flow
2021-09-29 19:01:33 DEBUG cic.cs.unb.ca.jnetpcap.FlowGenerator    FlagFIN current has 89 flow
2021-09-29 19:01:34 DEBUG cic.cs.unb.ca.jnetpcap.FlowGenerator    FlagFIN current has 102 flow
2021-09-29 19:01:35 DEBUG cic.cs.unb.ca.jnetpcap.FlowGenerator    FlagFIN current has 102 flow
2021-09-29 19:01:35 DEBUG cic.cs.unb.ca.jnetpcap.FlowGenerator    FlagFIN current has 104 flow
2021-09-29 19:01:36 DEBUG cic.cs.unb.ca.jnetpcap.FlowGenerator    FlagFIN current has 128 flow
2021-09-29 19:01:37 DEBUG cic.cs.unb.ca.jnetpcap.FlowGenerator    FlagFIN current has 129 flow
2021-09-29 19:01:38 DEBUG cic.cs.unb.ca.jnetpcap.FlowGenerator    FlagFIN current has 130 flow
2021-09-29 19:01:38 DEBUG cic.cs.unb.ca.jnetpcap.FlowGenerator    FlagFIN current has 130 flow
2021-09-29 19:01:38 DEBUG cic.cs.unb.ca.jnetpcap.FlowGenerator    FlagFIN current has 131 flow
2021-09-29 19:01:38 DEBUG cic.cs.unb.ca.jnetpcap.FlowGenerator    FlagFIN current has 132 flow
2021-09-29 19:01:39 DEBUG cic.cs.unb.ca.jnetpcap.FlowGenerator    FlagFIN current has 141 flow
2021-09-29 19:01:39 DEBUG cic.cs.unb.ca.jnetpcap.FlowGenerator    FlagFIN current has 143 flow
2021-09-29 19:01:40 DEBUG cic.cs.unb.ca.jnetpcap.FlowGenerator    FlagFIN current has 144 flow
2021-09-29 19:01:40 DEBUG cic.cs.unb.ca.jnetpcap.FlowGenerator    FlagFIN current has 151 flow
2021-09-29 19:01:41 DEBUG cic.cs.unb.ca.jnetpcap.FlowGenerator    FlagFIN current has 154 flow
2021-09-29 19:01:42 DEBUG cic.cs.unb.ca.jnetpcap.FlowGenerator    FlagFIN current has 165 flow
2021-09-29 19:01:42 DEBUG cic.cs.unb.ca.jnetpcap.FlowGenerator    FlagFIN current has 165 flow
2021-09-29 19:01:46 DEBUG cic.cs.unb.ca.jnetpcap.FlowGenerator    FlagFIN current has 219 flow
2021-09-29 19:01:47 DEBUG cic.cs.unb.ca.jnetpcap.FlowGenerator    FlagFIN current has 219 flow
2021-09-29 19:01:47 DEBUG cic.cs.unb.ca.jnetpcap.FlowGenerator    FlagFIN current has 222 flow
2021-09-29 19:01:47 DEBUG cic.cs.unb.ca.jnetpcap.FlowGenerator    FlagFIN current has 223 flow
2021-09-29 19:01:47 DEBUG cic.cs.unb.ca.jnetpcap.FlowGenerator    FlagFIN current has 223 flow
2021-09-29 19:01:47 DEBUG cic.cs.unb.ca.jnetpcap.FlowGenerator    FlagFIN current has 223 flow
2021-09-29 19:01:47 DEBUG cic.cs.unb.ca.jnetpcap.FlowGenerator    FlagFIN current has 223 flow
2021-09-29 19:01:48 DEBUG cic.cs.unb.ca.jnetpcap.FlowGenerator    FlagFIN current has 224 flow
2021-09-29 19:01:48 DEBUG cic.cs.unb.ca.jnetpcap.FlowGenerator    FlagFIN current has 224 flow
2021-09-29 19:01:48 DEBUG cic.cs.unb.ca.jnetpcap.FlowGenerator    FlagFIN current has 224 flow
2021-09-29 19:01:51 DEBUG cic.cs.unb.ca.jnetpcap.FlowGenerator    FlagFIN current has 226 flow
2021-09-29 19:01:53 DEBUG cic.cs.unb.ca.jnetpcap.FlowGenerator    FlagFIN current has 228 flow
2021-09-29 19:01:53 DEBUG cic.cs.unb.ca.jnetpcap.FlowGenerator    FlagFIN current has 227 flow
2021-09-29 19:01:53 DEBUG cic.cs.unb.ca.jnetpcap.FlowGenerator    FlagFIN current has 226 flow
2021-09-29 19:01:55 DEBUG cic.cs.unb.ca.jnetpcap.FlowGenerator    FlagFIN current has 232 flow
2021-09-29 19:01:55 DEBUG cic.cs.unb.ca.jnetpcap.FlowGenerator    FlagFIN current has 232 flow
2021-09-29 19:01:55 DEBUG cic.cs.unb.ca.jnetpcap.FlowGenerator    FlagFIN current has 232 flow
2021-09-29 19:01:56 DEBUG cic.cs.unb.ca.jnetpcap.FlowGenerator    FlagFIN current has 234 flow
2021-09-29 19:01:58 DEBUG cic.cs.unb.ca.jnetpcap.FlowGenerator    FlagFIN current has 234 flow
2021-09-29 19:01:58 DEBUG cic.cs.unb.ca.jnetpcap.FlowGenerator    FlagFIN current has 234 flow
2021-09-29 19:02:03 DEBUG cic.cs.unb.ca.jnetpcap.FlowGenerator    FlagFIN current has 236 flow
2021-09-29 19:02:03 DEBUG cic.cs.unb.ca.jnetpcap.FlowGenerator    FlagFIN current has 236 flow
2021-09-29 19:02:04 DEBUG cic.cs.unb.ca.jnetpcap.FlowGenerator    FlagFIN current has 237 flow
2021-09-29 19:02:04 DEBUG cic.cs.unb.ca.jnetpcap.FlowGenerator    FlagFIN current has 237 flow
2021-09-29 19:02:05 DEBUG cic.cs.unb.ca.jnetpcap.FlowGenerator    FlagFIN current has 239 flow
2021-09-29 19:02:05 DEBUG cic.cs.unb.ca.jnetpcap.FlowGenerator    FlagFIN current has 239 flow
2021-09-29 19:02:18 DEBUG cic.cs.unb.ca.jnetpcap.FlowGenerator    FlagFIN current has 260 flow
2021-09-29 19:02:18 DEBUG cic.cs.unb.ca.jnetpcap.FlowGenerator    FlagFIN current has 260 flow
2021-09-29 19:02:20 DEBUG cic.cs.unb.ca.jnetpcap.FlowGenerator    FlagFIN current has 260 flow
2021-09-29 19:02:20 DEBUG cic.cs.unb.ca.jnetpcap.FlowGenerator    FlagFIN current has 260 flow
2021-09-29 19:02:20 DEBUG cic.cs.unb.ca.jnetpcap.FlowGenerator    FlagFIN current has 260 flow
2021-09-29 19:02:34 DEBUG cic.cs.unb.ca.jnetpcap.FlowGenerator    FlagFIN current has 267 flow
2021-09-29 19:02:35 DEBUG cic.cs.unb.ca.jnetpcap.FlowGenerator    FlagFIN current has 267 flow
2021-09-29 19:02:37 DEBUG cic.cs.unb.ca.jnetpcap.FlowGenerator    FlagFIN current has 267 flow
2021-09-29 19:02:37 DEBUG cic.cs.unb.ca.jnetpcap.FlowGenerator    FlagFIN current has 266 flow
2021-09-29 19:02:37 DEBUG cic.cs.unb.ca.jnetpcap.FlowGenerator    FlagFIN current has 265 flow
2021-09-29 19:02:45 DEBUG cic.cs.unb.ca.jnetpcap.FlowGenerator    FlagFIN current has 272 flow
2021-09-29 19:02:45 DEBUG cic.cs.unb.ca.jnetpcap.FlowGenerator    FlagFIN current has 272 flow
2021-09-29 19:02:48 DEBUG cic.cs.unb.ca.jnetpcap.FlowGenerator    FlagFIN current has 285 flow
2021-09-29 19:02:48 DEBUG cic.cs.unb.ca.jnetpcap.FlowGenerator    FlagFIN current has 285 flow
2021-09-29 19:02:50 DEBUG cic.cs.unb.ca.jnetpcap.FlowGenerator    FlagFIN current has 285 flow
2021-09-29 19:02:50 DEBUG cic.cs.unb.ca.jnetpcap.FlowGenerator    FlagFIN current has 285 flow
2021-09-29 19:02:54 DEBUG cic.cs.unb.ca.jnetpcap.FlowGenerator    FlagFIN current has 285 flow
2021-09-29 19:03:01 DEBUG cic.cs.unb.ca.jnetpcap.FlowGenerator    FlagFIN current has 288 flow
2021-09-29 19:03:01 DEBUG cic.cs.unb.ca.jnetpcap.FlowGenerator    FlagFIN current has 287 flow
2021-09-29 19:03:01 DEBUG cic.cs.unb.ca.jnetpcap.FlowGenerator    FlagFIN current has 287 flow
2021-09-29 19:03:01 DEBUG cic.cs.unb.ca.jnetpcap.FlowGenerator    FlagFIN current has 290 flow
2021-09-29 19:03:01 DEBUG cic.cs.unb.ca.jnetpcap.FlowGenerator    FlagFIN current has 290 flow
2021-09-29 19:03:04 DEBUG cic.cs.unb.ca.jnetpcap.FlowGenerator    FlagFIN current has 308 flow
2021-09-29 19:03:04 DEBUG cic.cs.unb.ca.jnetpcap.FlowGenerator    FlagFIN current has 308 flow
2021-09-29 19:03:09 DEBUG cic.cs.unb.ca.jnetpcap.FlowGenerator    FlagFIN current has 328 flow
2021-09-29 19:03:09 DEBUG cic.cs.unb.ca.jnetpcap.FlowGenerator    FlagFIN current has 329 flow
2021-09-29 19:03:13 DEBUG cic.cs.unb.ca.jnetpcap.FlowGenerator    FlagFIN current has 382 flow
2021-09-29 19:03:13 DEBUG cic.cs.unb.ca.jnetpcap.FlowGenerator    FlagFIN current has 383 flow
2021-09-29 19:03:13 DEBUG cic.cs.unb.ca.jnetpcap.FlowGenerator    FlagFIN current has 388 flow
2021-09-29 19:03:13 DEBUG cic.cs.unb.ca.jnetpcap.FlowGenerator    FlagFIN current has 390 flow
2021-09-29 19:03:16 DEBUG cic.cs.unb.ca.jnetpcap.FlowGenerator    FlagFIN current has 410 flow
2021-09-29 19:03:16 DEBUG cic.cs.unb.ca.jnetpcap.FlowGenerator    FlagFIN current has 409 flow
2021-09-29 19:03:16 DEBUG cic.cs.unb.ca.jnetpcap.FlowGenerator    FlagFIN current has 408 flow
2021-09-29 19:03:16 DEBUG cic.cs.unb.ca.jnetpcap.FlowGenerator    FlagFIN current has 411 flow
2021-09-29 19:03:16 DEBUG cic.cs.unb.ca.jnetpcap.FlowGenerator    FlagFIN current has 411 flow
2021-09-29 19:03:16 DEBUG cic.cs.unb.ca.jnetpcap.FlowGenerator    FlagFIN current has 411 flow
2021-09-29 19:03:17 DEBUG cic.cs.unb.ca.jnetpcap.FlowGenerator    FlagFIN current has 441 flow
2021-09-29 19:03:17 DEBUG cic.cs.unb.ca.jnetpcap.FlowGenerator    FlagFIN current has 446 flow
2021-09-29 19:03:19 DEBUG cic.cs.unb.ca.jnetpcap.FlowGenerator    FlagFIN current has 448 flow
2021-09-29 19:03:19 DEBUG cic.cs.unb.ca.jnetpcap.FlowGenerator    FlagFIN current has 448 flow
2021-09-29 19:03:21 DEBUG cic.cs.unb.ca.jnetpcap.FlowGenerator    FlagFIN current has 448 flow
2021-09-29 19:03:22 DEBUG cic.cs.unb.ca.jnetpcap.FlowGenerator    FlagFIN current has 451 flow
2021-09-29 19:03:23 DEBUG cic.cs.unb.ca.jnetpcap.FlowGenerator    FlagFIN current has 451 flow
2021-09-29 19:03:23 DEBUG cic.cs.unb.ca.jnetpcap.FlowGenerator    FlagFIN current has 451 flow
2021-09-29 19:03:25 DEBUG cic.cs.unb.ca.jnetpcap.FlowGenerator    FlagFIN current has 457 flow
2021-09-29 19:03:25 DEBUG cic.cs.unb.ca.jnetpcap.FlowGenerator    FlagFIN current has 457 flow
2021-09-29 19:03:27 DEBUG cic.cs.unb.ca.jnetpcap.FlowGenerator    FlagFIN current has 457 flow
2021-09-29 19:03:27 DEBUG cic.cs.unb.ca.jnetpcap.FlowGenerator    FlagFIN current has 456 flow
2021-09-29 19:03:27 DEBUG cic.cs.unb.ca.jnetpcap.FlowGenerator    FlagFIN current has 457 flow
2021-09-29 19:03:27 DEBUG cic.cs.unb.ca.jnetpcap.FlowGenerator    FlagFIN current has 457 flow
2021-09-29 19:03:27 DEBUG cic.cs.unb.ca.jnetpcap.FlowGenerator    FlagFIN current has 457 flow
2021-09-29 19:03:27 DEBUG cic.cs.unb.ca.jnetpcap.FlowGenerator    FlagFIN current has 456 flow
2021-09-29 19:03:27 DEBUG cic.cs.unb.ca.jnetpcap.FlowGenerator    FlagFIN current has 457 flow
2021-09-29 19:03:32 DEBUG cic.cs.unb.ca.jnetpcap.FlowGenerator    FlagFIN current has 457 flow
2021-09-29 19:03:34 DEBUG cic.cs.unb.ca.jnetpcap.FlowGenerator    FlagFIN current has 460 flow
2021-09-29 19:03:34 DEBUG cic.cs.unb.ca.jnetpcap.FlowGenerator    FlagFIN current has 460 flow
2021-09-29 19:03:37 DEBUG cic.cs.unb.ca.jnetpcap.FlowGenerator    FlagFIN current has 460 flow
2021-09-29 19:03:37 DEBUG cic.cs.unb.ca.jnetpcap.FlowGenerator    FlagFIN current has 460 flow
2021-09-29 19:03:37 DEBUG cic.cs.unb.ca.jnetpcap.FlowGenerator    FlagFIN current has 462 flow
2021-09-29 19:03:37 DEBUG cic.cs.unb.ca.jnetpcap.FlowGenerator    FlagFIN current has 463 flow
2021-09-29 19:03:38 DEBUG cic.cs.unb.ca.jnetpcap.FlowGenerator    FlagFIN current has 463 flow
2021-09-29 19:03:38 DEBUG cic.cs.unb.ca.jnetpcap.FlowGenerator    FlagFIN current has 463 flow
2021-09-29 19:03:38 DEBUG cic.cs.unb.ca.jnetpcap.FlowGenerator    FlagFIN current has 465 flow
2021-09-29 19:03:38 DEBUG cic.cs.unb.ca.jnetpcap.FlowGenerator    FlagFIN current has 465 flow
2021-09-29 19:03:41 DEBUG cic.cs.unb.ca.jnetpcap.FlowGenerator    FlagFIN current has 465 flow
2021-09-29 19:03:41 DEBUG cic.cs.unb.ca.jnetpcap.FlowGenerator    FlagFIN current has 465 flow
2021-09-29 19:03:48 DEBUG cic.cs.unb.ca.jnetpcap.FlowGenerator    FlagFIN current has 466 flow
2021-09-29 19:03:48 DEBUG cic.cs.unb.ca.jnetpcap.FlowGenerator    FlagFIN current has 466 flow
2021-09-29 19:04:04 DEBUG cic.cs.unb.ca.jnetpcap.FlowGenerator    FlagFIN current has 475 flow
2021-09-29 19:04:06 DEBUG cic.cs.unb.ca.jnetpcap.FlowGenerator    FlagFIN current has 475 flow
2021-09-29 19:04:06 DEBUG cic.cs.unb.ca.jnetpcap.FlowGenerator    FlagFIN current has 476 flow
2021-09-29 19:04:06 DEBUG cic.cs.unb.ca.jnetpcap.FlowGenerator    FlagFIN current has 476 flow
2021-09-29 19:04:08 DEBUG cic.cs.unb.ca.jnetpcap.FlowGenerator    FlagFIN current has 477 flow
2021-09-29 19:04:08 DEBUG cic.cs.unb.ca.jnetpcap.FlowGenerator    FlagFIN current has 476 flow
2021-09-29 19:04:08 DEBUG cic.cs.unb.ca.jnetpcap.FlowGenerator    FlagFIN current has 475 flow
2021-09-29 19:04:10 DEBUG cic.cs.unb.ca.jnetpcap.FlowGenerator    FlagFIN current has 478 flow
2021-09-29 19:04:13 DEBUG cic.cs.unb.ca.jnetpcap.FlowGenerator    FlagFIN current has 481 flow
2021-09-29 19:04:17 DEBUG cic.cs.unb.ca.jnetpcap.FlowGenerator    FlagFIN current has 483 flow
2021-09-29 19:04:17 DEBUG cic.cs.unb.ca.jnetpcap.FlowGenerator    FlagFIN current has 483 flow
2021-09-29 19:04:17 DEBUG cic.cs.unb.ca.jnetpcap.FlowGenerator    FlagFIN current has 483 flow
2021-09-29 19:04:19 DEBUG cic.cs.unb.ca.jnetpcap.FlowGenerator    FlagFIN current has 483 flow
2021-09-29 19:04:19 DEBUG cic.cs.unb.ca.jnetpcap.FlowGenerator    FlagFIN current has 482 flow
2021-09-29 19:04:19 DEBUG cic.cs.unb.ca.jnetpcap.FlowGenerator    FlagFIN current has 482 flow
2021-09-29 19:04:20 INFO  cic.cs.unb.ca.flow.ui.FlowMonitorPane    Pcap stop listening
2021-09-29 19:04:20 INFO  cic.cs.unb.ca.flow.ui.FlowMonitorPane    path:C:\Users\Network Lab\Desktop\J L Shreya\CICFlowMeter and ISCXFlowMeter\cicflowmeter-4\CICFlowMeter-4.0\bin\data\daily\2021-09-29_Flow.csv
2021-09-29 19:04:21 DEBUG cic.cs.unb.ca.jnetpcap.worker.TrafficFlowWorker    break Packet loop
2021-09-29 19:07:47 INFO  cic.cs.unb.ca.flow.ui.FlowMonitorPane    path:C:\Users\Network Lab\Desktop\J L Shreya\CICFlowMeter and ISCXFlowMeter\cicflowmeter-4\CICFlowMeter-4.0\bin\data\daily\2021-09-29_Flow.csv
